Start testing: May 15 04:21 +01
----------------------------------------------------------
1/1 Testing: unit
1/1 Test: unit
Command: "/usr/bin/valgrind" "--leak-check=full" "--show-reachable=yes" "--malloc-fill=22" "--free-fill=33" "--error-exitcode=1" "./example"
Directory: /home/ubuntu20/CODE_LEGACY/build/test
"unit" start time: May 15 04:21 +01
Output:
----------------------------------------------------------
==727936== Memcheck, a memory error detector
==727936== Copyright (C) 2002-2017, and GNU GPL'd, by Julian Seward et al.
==727936== Using Valgrind-3.15.0 and LibVEX; rerun with -h for copyright info
==727936== Command: ./example
==727936== 
DEBUG: hash value is 2090767115 
DEBUG: hash value is 2090760575 
DEBUG: hash value is 2090760575 
add toto 0 
add titi 0 
ajout titi 1 
toto => 0
titi => 0
tbtb => 1
==727936== 
==727936== HEAP SUMMARY:
==727936==     in use at exit: 0 bytes in 0 blocks
==727936==   total heap usage: 5 allocs, 5 frees, 4,280 bytes allocated
==727936== 
==727936== All heap blocks were freed -- no leaks are possible
==727936== 
==727936== For lists of detected and suppressed errors, rerun with: -s
==727936== ERROR SUMMARY: 0 errors from 0 contexts (suppressed: 0 from 0)
<end of output>
Test time =   0.36 sec
----------------------------------------------------------
Test Passed.
"unit" end time: May 15 04:21 +01
"unit" time elapsed: 00:00:00
----------------------------------------------------------

End testing: May 15 04:21 +01
